<?xml version="1.0" encoding="UTF-8"?>
<coverage generated="1780812246388" clover="3.2.0">
  <project timestamp="1780812246388" name="All files">
    <metrics statements="34" coveredstatements="17" conditionals="4" coveredconditionals="2" methods="6" coveredmethods="5" elements="44" coveredelements="24" complexity="0" loc="34" ncloc="34" packages="2" files="3" classes="3"/>
    <package name="types">
      <metrics statements="1" coveredstatements="1" conditionals="0" coveredconditionals="0" methods="1" coveredmethods="1"/>
      <file name="Guest.ts" path="/media/ajbrandt/Hard_Drive/projects/wedding_site/src/types/Guest.ts">
        <metrics statements="1" coveredstatements="1" conditionals="0" coveredconditionals="0" methods="1" coveredmethods="1"/>
        <line num="12" count="14" type="stmt"/>
      </file>
    </package>
    <package name="utils">
      <metrics statements="33" coveredstatements="16" conditionals="4" coveredconditionals="2" methods="5" coveredmethods="4"/>
      <file name="dateUtil.ts" path="/media/ajbrandt/Hard_Drive/projects/wedding_site/src/utils/dateUtil.ts">
        <metrics statements="25" coveredstatements="8" conditionals="2" coveredconditionals="0" methods="2" coveredmethods="1"/>
        <line num="3" count="1" type="stmt"/>
        <line num="4" count="1" type="stmt"/>
        <line num="6" count="1" type="stmt"/>
        <line num="7" count="1" type="stmt"/>
        <line num="8" count="1" type="stmt"/>
        <line num="9" count="1" type="stmt"/>
        <line num="10" count="1" type="stmt"/>
        <line num="16" count="0" type="stmt"/>
        <line num="19" count="0" type="stmt"/>
        <line num="20" count="0" type="stmt"/>
        <line num="21" count="0" type="stmt"/>
        <line num="23" count="0" type="stmt"/>
        <line num="24" count="0" type="stmt"/>
        <line num="26" count="0" type="stmt"/>
        <line num="27" count="0" type="stmt"/>
        <line num="28" count="0" type="stmt"/>
        <line num="30" count="0" type="stmt"/>
        <line num="31" count="0" type="stmt"/>
        <line num="32" count="0" type="stmt"/>
        <line num="34" count="0" type="cond" truecount="0" falsecount="2"/>
        <line num="35" count="0" type="stmt"/>
        <line num="38" count="0" type="stmt"/>
        <line num="39" count="0" type="stmt"/>
        <line num="41" count="0" type="stmt"/>
        <line num="54" count="8" type="stmt"/>
      </file>
      <file name="rsvpValidationUtil.ts" path="/media/ajbrandt/Hard_Drive/projects/wedding_site/src/utils/rsvpValidationUtil.ts">
        <metrics statements="8" coveredstatements="8" conditionals="2" coveredconditionals="2" methods="3" coveredmethods="3"/>
        <line num="1" count="1" type="stmt"/>
        <line num="3" count="31" type="stmt"/>
        <line num="4" count="31" type="stmt"/>
        <line num="7" count="1" type="stmt"/>
        <line num="8" count="48" type="stmt"/>
        <line num="11" count="1" type="stmt"/>
        <line num="12" count="36" type="stmt"/>
        <line num="13" count="36" type="cond" truecount="2" falsecount="0"/>
      </file>
    </package>
  </project>
</coverage>
