<?xml version="1.0" encoding="UTF-8"?>
<coverage generated="1786595348662" clover="3.2.0">
  <project timestamp="1786595348662" name="All files">
    <metrics statements="38" coveredstatements="37" conditionals="14" coveredconditionals="13" methods="7" coveredmethods="7" elements="59" coveredelements="57" complexity="0" loc="38" ncloc="38" packages="2" files="3" classes="3"/>
    <package name="types">
      <metrics statements="1" coveredstatements="1" conditionals="0" coveredconditionals="0" methods="1" coveredmethods="1"/>
      <file name="Guest.ts" path="/home/ajbrandt/projects/wedding_site/src/types/Guest.ts">
        <metrics statements="1" coveredstatements="1" conditionals="0" coveredconditionals="0" methods="1" coveredmethods="1"/>
        <line num="12" count="14" type="stmt"/>
      </file>
    </package>
    <package name="utils">
      <metrics statements="37" coveredstatements="36" conditionals="14" coveredconditionals="13" methods="6" coveredmethods="6"/>
      <file name="dateUtil.ts" path="/home/ajbrandt/projects/wedding_site/src/utils/dateUtil.ts">
        <metrics statements="27" coveredstatements="26" conditionals="4" coveredconditionals="3" methods="2" coveredmethods="2"/>
        <line num="3" count="1" type="stmt"/>
        <line num="4" count="1" type="stmt"/>
        <line num="6" count="1" type="stmt"/>
        <line num="7" count="1" type="stmt"/>
        <line num="8" count="1" type="stmt"/>
        <line num="9" count="1" type="stmt"/>
        <line num="10" count="1" type="stmt"/>
        <line num="15" count="3" type="cond" truecount="2" falsecount="0"/>
        <line num="16" count="2" type="stmt"/>
        <line num="29" count="1" type="stmt"/>
        <line num="32" count="1" type="stmt"/>
        <line num="33" count="1" type="stmt"/>
        <line num="34" count="1" type="stmt"/>
        <line num="36" count="1" type="stmt"/>
        <line num="37" count="1" type="stmt"/>
        <line num="39" count="1" type="stmt"/>
        <line num="40" count="1" type="stmt"/>
        <line num="41" count="1" type="stmt"/>
        <line num="43" count="1" type="stmt"/>
        <line num="44" count="1" type="stmt"/>
        <line num="45" count="1" type="stmt"/>
        <line num="47" count="1" type="cond" truecount="1" falsecount="1"/>
        <line num="48" count="0" type="stmt"/>
        <line num="51" count="1" type="stmt"/>
        <line num="52" count="1" type="stmt"/>
        <line num="54" count="1" type="stmt"/>
        <line num="67" count="8" type="stmt"/>
      </file>
      <file name="rsvpValidationUtil.ts" path="/home/ajbrandt/projects/wedding_site/src/utils/rsvpValidationUtil.ts">
        <metrics statements="10" coveredstatements="10" conditionals="10" coveredconditionals="10" methods="4" coveredmethods="4"/>
        <line num="1" count="1" type="stmt"/>
        <line num="3" count="31" type="stmt"/>
        <line num="4" count="31" type="stmt"/>
        <line num="7" count="1" type="stmt"/>
        <line num="8" count="48" type="stmt"/>
        <line num="11" count="1" type="stmt"/>
        <line num="12" count="36" type="stmt"/>
        <line num="13" count="36" type="cond" truecount="2" falsecount="0"/>
        <line num="16" count="1" type="stmt"/>
        <line num="26" count="14" type="stmt"/>
      </file>
    </package>
  </project>
</coverage>
