{"/media/ajbrandt/Hard_Drive/Projects/wedding_site/src/utils/rsvpValidationUtil.ts": {"path":"/media/ajbrandt/Hard_Drive/Projects/wedding_site/src/utils/rsvpValidationUtil.ts","statementMap":{"0":{"start":{"line":1,"column":13},"end":{"line":5,"column":null}},"1":{"start":{"line":3,"column":4},"end":{"line":3,"column":null}},"2":{"start":{"line":4,"column":2},"end":{"line":4,"column":null}},"3":{"start":{"line":7,"column":13},"end":{"line":9,"column":null}},"4":{"start":{"line":8,"column":2},"end":{"line":8,"column":null}},"5":{"start":{"line":11,"column":13},"end":{"line":14,"column":null}},"6":{"start":{"line":12,"column":20},"end":{"line":12,"column":null}},"7":{"start":{"line":13,"column":2},"end":{"line":13,"column":null}}},"fnMap":{"0":{"name":"(anonymous_0)","decl":{"start":{"line":1,"column":13},"end":{"line":1,"column":29}},"loc":{"start":{"line":1,"column":56},"end":{"line":5,"column":null}},"line":1},"1":{"name":"(anonymous_1)","decl":{"start":{"line":7,"column":13},"end":{"line":7,"column":33}},"loc":{"start":{"line":7,"column":58},"end":{"line":9,"column":null}},"line":7},"2":{"name":"(anonymous_2)","decl":{"start":{"line":11,"column":13},"end":{"line":11,"column":28}},"loc":{"start":{"line":11,"column":54},"end":{"line":14,"column":null}},"line":11}},"branchMap":{"0":{"loc":{"start":{"line":13,"column":9},"end":{"line":13,"column":null}},"type":"binary-expr","locations":[{"start":{"line":13,"column":9},"end":{"line":13,"column":35}},{"start":{"line":13,"column":35},"end":{"line":13,"column":null}}],"line":13}},"s":{"0":1,"1":31,"2":31,"3":1,"4":48,"5":1,"6":36,"7":36},"f":{"0":31,"1":48,"2":36},"b":{"0":[36,34]},"meta":{"lastBranch":1,"lastFunction":3,"lastStatement":8,"seen":{"s:1:13:5:Infinity":0,"f:1:13:1:29":0,"s:3:4:3:Infinity":1,"s:4:2:4:Infinity":2,"s:7:13:9:Infinity":3,"f:7:13:7:33":1,"s:8:2:8:Infinity":4,"s:11:13:14:Infinity":5,"f:11:13:11:28":2,"s:12:20:12:Infinity":6,"s:13:2:13:Infinity":7,"b:13:9:13:35:13:35:13:Infinity":0}}}
}
