{"/media/ajbrandt/Hard_Drive/projects/wedding_site/src/types/Guest.ts": {"path":"/media/ajbrandt/Hard_Drive/projects/wedding_site/src/types/Guest.ts","statementMap":{"0":{"start":{"line":12,"column":2},"end":{"line":19,"column":null}}},"fnMap":{"0":{"name":"createGuest","decl":{"start":{"line":11,"column":16},"end":{"line":11,"column":37}},"loc":{"start":{"line":11,"column":37},"end":{"line":20,"column":null}},"line":11}},"branchMap":{},"s":{"0":14},"f":{"0":14},"b":{},"meta":{"lastBranch":0,"lastFunction":1,"lastStatement":1,"seen":{"f:11:16:11:37":0,"s:12:2:19:Infinity":0}}}
}
